{"level":"info","message":"SystemStartup: Log Level is: info","timestamp":"2015-07-09T11:42:01.189Z"}
{"level":"info","message":"System[M]: 4 workers spawned. Listening for disconnects.","timestamp":"2015-07-09T11:42:01.539Z"}
{"level":"info","message":"SystemStartup: Log Level is: info","timestamp":"2015-07-09T11:42:01.751Z"}
{"level":"info","message":"SystemStartup: Log Level is: info","timestamp":"2015-07-09T11:42:01.750Z"}
{"level":"info","message":"SystemStartup: Log Level is: info","timestamp":"2015-07-09T11:42:01.771Z"}
{"level":"info","message":"SystemStartup: Log Level is: info","timestamp":"2015-07-09T11:42:01.750Z"}
{"level":"info","message":"PencilBlue: Ensuring indices...","timestamp":"2015-07-09T11:42:02.676Z"}
{"level":"info","message":"PencilBlue: Ensuring indices...","timestamp":"2015-07-09T11:42:02.676Z"}
{"level":"info","message":"PencilBlue: Ensuring indices...","timestamp":"2015-07-09T11:42:02.677Z"}
{"level":"info","message":"PencilBlue: Ensuring indices...","timestamp":"2015-07-09T11:42:02.677Z"}
{"level":"info","message":"PencilBlue: Henley Management Centre running at site root [http:/] on port [8080]","timestamp":"2015-07-09T11:42:02.819Z"}
{"level":"info","message":"PencilBlue: Henley Management Centre running at site root [http:/] on port [8080]","timestamp":"2015-07-09T11:42:02.822Z"}
{"level":"info","message":"PencilBlue: Henley Management Centre running at site root [http:/] on port [8080]","timestamp":"2015-07-09T11:42:02.825Z"}
{"level":"info","message":"PencilBlue: Henley Management Centre running at site root [http:/] on port [8080]","timestamp":"2015-07-09T11:42:02.867Z"}
{"level":"info","message":"PluginService: Initialized plugin Henley Theme (portfolio). RESULT=[true]","timestamp":"2015-07-09T11:42:02.921Z"}
{"level":"warn","message":"PluginService: The plugin, Contact Form does not specify pb version.","timestamp":"2015-07-09T11:42:02.923Z"}
{"level":"info","message":"PluginService: Initialized plugin Contact Form (contact-pencilblue). RESULT=[true]","timestamp":"2015-07-09T11:42:02.925Z"}
{"level":"info","message":"PluginService: Initialized plugin Henley Theme (portfolio). RESULT=[true]","timestamp":"2015-07-09T11:42:02.926Z"}
{"level":"warn","message":"PluginService: The plugin, Contact Form Contact does not specify pb version.","timestamp":"2015-07-09T11:42:02.927Z"}
{"level":"warn","message":"PluginService: The plugin, Contact Form does not specify pb version.","timestamp":"2015-07-09T11:42:02.928Z"}
{"level":"info","message":"PluginService: Initialized plugin Henley Theme (portfolio). RESULT=[true]","timestamp":"2015-07-09T11:42:02.929Z"}
{"level":"info","message":"PluginService: Initialized plugin Contact Form Contact (contact-pencilblue-contact). RESULT=[true]","timestamp":"2015-07-09T11:42:02.929Z"}
{"level":"warn","message":"PluginService: The plugin, Contact Form does not specify pb version.","timestamp":"2015-07-09T11:42:02.930Z"}
{"level":"info","message":"PluginService: Initialized plugin Contact Form (contact-pencilblue). RESULT=[true]","timestamp":"2015-07-09T11:42:02.931Z"}
{"level":"warn","message":"PluginService: The plugin, Contact Form Contact does not specify pb version.","timestamp":"2015-07-09T11:42:02.933Z"}
{"level":"info","message":"PluginService: Initialized plugin Contact Form Contact (contact-pencilblue-contact). RESULT=[true]","timestamp":"2015-07-09T11:42:02.937Z"}
{"level":"info","message":"PluginService: Initialized plugin Contact Form (contact-pencilblue). RESULT=[true]","timestamp":"2015-07-09T11:42:02.938Z"}
{"level":"warn","message":"PluginService: The plugin, Contact Form Contact does not specify pb version.","timestamp":"2015-07-09T11:42:02.939Z"}
{"level":"info","message":"PluginService: Initialized plugin Contact Form Contact (contact-pencilblue-contact). RESULT=[true]","timestamp":"2015-07-09T11:42:02.942Z"}
{"level":"info","message":"PluginService: Initialized plugin Henley Theme (portfolio). RESULT=[true]","timestamp":"2015-07-09T11:42:02.978Z"}
{"level":"warn","message":"PluginService: The plugin, Contact Form does not specify pb version.","timestamp":"2015-07-09T11:42:02.980Z"}
{"level":"info","message":"PluginService: Initialized plugin Contact Form (contact-pencilblue). RESULT=[true]","timestamp":"2015-07-09T11:42:02.983Z"}
{"level":"warn","message":"PluginService: The plugin, Contact Form Contact does not specify pb version.","timestamp":"2015-07-09T11:42:02.984Z"}
{"level":"info","message":"PluginService: Initialized plugin Contact Form Contact (contact-pencilblue-contact). RESULT=[true]","timestamp":"2015-07-09T11:42:02.986Z"}
{"level":"info","message":"PencilBlue: Ready to run!","timestamp":"2015-07-09T11:42:03.041Z"}
{"level":"info","message":"PencilBlue: Ready to run!","timestamp":"2015-07-09T11:42:03.043Z"}
{"level":"info","message":"PencilBlue: Ready to run!","timestamp":"2015-07-09T11:42:03.043Z"}
{"level":"info","message":"PencilBlue: Ready to run!","timestamp":"2015-07-09T11:42:03.096Z"}
